\BOOKMARK [0][-]{chapter.1}{Vacuum Chambers General Operation Procedures}{}% 1
\BOOKMARK [1][-]{section.1.1}{Standby Mode}{chapter.1}% 2
\BOOKMARK [1][-]{section.1.2}{Loading and transferring samples}{chapter.1}% 3
\BOOKMARK [2][-]{subsection.1.2.1}{Loading in a Sample to FEL}{section.1.2}% 4
\BOOKMARK [2][-]{subsection.1.2.2}{Transfer between FEL and MBE heater stage}{section.1.2}% 5
\BOOKMARK [2][-]{subsection.1.2.3}{MBE heater stage to STM transfer}{section.1.2}% 6
\BOOKMARK [0][-]{chapter.2}{Deposition Procedures}{}% 7
\BOOKMARK [1][-]{section.2.1}{E-beam evaporators}{chapter.2}% 8
\BOOKMARK [2][-]{subsection.2.1.1}{Currents}{section.2.1}% 9
\BOOKMARK [2][-]{subsection.2.1.2}{Physics of the rod positioning}{section.2.1}% 10
\BOOKMARK [2][-]{subsection.2.1.3}{Operation Procedure}{section.2.1}% 11
\BOOKMARK [1][-]{section.2.2}{Selenium evaporator procedures}{chapter.2}% 12
\BOOKMARK [1][-]{section.2.3}{Co-deposition Overview}{chapter.2}% 13
\BOOKMARK [1][-]{section.2.4}{QCM Operation}{chapter.2}% 14
\BOOKMARK [0][-]{chapter.3}{HOPG Substrate Preparation}{}% 15
\BOOKMARK [1][-]{section.3.1}{HOPG Substrate and Sample Plate Compatibility}{chapter.3}% 16
\BOOKMARK [1][-]{section.3.2}{Cleaving}{chapter.3}% 17
\BOOKMARK [1][-]{section.3.3}{Assembling sample plate}{chapter.3}% 18
\BOOKMARK [1][-]{section.3.4}{Annealing}{chapter.3}% 19
\BOOKMARK [0][-]{chapter.4}{Maintenance}{}% 20
\BOOKMARK [1][-]{section.4.1}{E-beam evaporator maintenance}{chapter.4}% 21
\BOOKMARK [2][-]{subsection.4.1.1}{Filament Replacement}{section.4.1}% 22
\BOOKMARK [2][-]{subsection.4.1.2}{Replenishing the source material}{section.4.1}% 23
\BOOKMARK [1][-]{section.4.2}{Removing a dropped sample}{chapter.4}% 24
\BOOKMARK [1][-]{section.4.3}{Degassing a new Ta crucible}{chapter.4}% 25
\BOOKMARK [0][-]{chapter.5}{Venting and Bakeout}{}% 26
\BOOKMARK [1][-]{section.5.1}{Venting}{chapter.5}% 27
\BOOKMARK [1][-]{section.5.2}{Removing evaporators}{chapter.5}% 28
\BOOKMARK [1][-]{section.5.3}{Bakeout}{chapter.5}% 29
\BOOKMARK [1][-]{section.5.4}{Immediate Post-Bakeout Procedures}{chapter.5}% 30
\BOOKMARK [1][-]{section.5.5}{Degassing Se Evaporator}{chapter.5}% 31
\BOOKMARK [1][-]{section.5.6}{Degassing E-beam Evaporators}{chapter.5}% 32
\BOOKMARK [2][-]{subsection.5.6.1}{Degassing E-beam evaporators without water cooling and HV}{section.5.6}% 33
\BOOKMARK [2][-]{subsection.5.6.2}{Degassing W Evaporator with water cooling and HV}{section.5.6}% 34
\BOOKMARK [1][-]{section.5.7}{Degassing heater stage}{chapter.5}% 35
